<?xml version="1.0" encoding="UTF-8"?>
<testng-results ignored="0" total="1" passed="1" failed="0" skipped="0">
  <reporter-output>
  </reporter-output>
  <suite started-at="2023-09-21T12:53:02 EDT" name="Default suite" finished-at="2023-09-21T12:53:33 EDT" duration-ms="31244">
    <groups>
    </groups>
    <test started-at="2023-09-21T12:53:02 EDT" name="Default test" finished-at="2023-09-21T12:53:33 EDT" duration-ms="31244">
      <class name="Amazon.Base_class_Amazon">
        <test-method is-config="true" signature="beforeMethod()[pri:0, instance:Amazon.Base_class_Amazon@7b36aa0c]" started-at="2023-09-21T12:53:02 EDT" name="beforeMethod" finished-at="2023-09-21T12:53:14 EDT" duration-ms="11641" status="PASS">
          <reporter-output>
          </reporter-output>
        </test-method> <!-- beforeMethod -->
        <test-method signature="f()[pri:0, instance:Amazon.Base_class_Amazon@7b36aa0c]" started-at="2023-09-21T12:53:14 EDT" name="f" finished-at="2023-09-21T12:53:30 EDT" duration-ms="16163" status="PASS">
          <reporter-output>
          </reporter-output>
        </test-method> <!-- f -->
        <test-method is-config="true" signature="afterMethod()[pri:0, instance:Amazon.Base_class_Amazon@7b36aa0c]" started-at="2023-09-21T12:53:30 EDT" name="afterMethod" finished-at="2023-09-21T12:53:33 EDT" duration-ms="3354" status="PASS">
          <reporter-output>
          </reporter-output>
        </test-method> <!-- afterMethod -->
      </class> <!-- Amazon.Base_class_Amazon -->
    </test> <!-- Default test -->
  </suite> <!-- Default suite -->
</testng-results>
